This is pdfTeX, Version 3.14159265-2.6-1.40.19 (TeX Live 2018) (preloaded format=pdflatex 2018.4.16)  8 MAY 2019 22:43
entering extended mode
 restricted \write18 enabled.
 %&-line parsing enabled.
**graphics.tex
(./graphics.tex
LaTeX2e <2018-04-01> patch level 2
Babel <3.18> and hyphenation patterns for 84 language(s) loaded.
(/usr/local/texlive/2018/texmf-dist/tex/latex/base/article.cls
Document Class: article 2014/09/29 v1.4h Standard LaTeX document class
(/usr/local/texlive/2018/texmf-dist/tex/latex/base/size10.clo
File: size10.clo 2014/09/29 v1.4h Standard LaTeX file (size option)
)
\c@part=\count80
\c@section=\count81
\c@subsection=\count82
\c@subsubsection=\count83
\c@paragraph=\count84
\c@subparagraph=\count85
\c@figure=\count86
\c@table=\count87
\abovecaptionskip=\skip41
\belowcaptionskip=\skip42
\bibindent=\dimen102
)
(/usr/local/texlive/2018/texmf-dist/tex/latex/geometry/geometry.sty
Package: geometry 2018/03/24 v5.7 Page Geometry

(/usr/local/texlive/2018/texmf-dist/tex/latex/graphics/keyval.sty
Package: keyval 2014/10/28 v1.15 key=value parser (DPC)
\KV@toks@=\toks14
)
(/usr/local/texlive/2018/texmf-dist/tex/generic/oberdiek/ifpdf.sty
Package: ifpdf 2017/03/15 v3.2 Provides the ifpdf switch
)
(/usr/local/texlive/2018/texmf-dist/tex/generic/oberdiek/ifvtex.sty
Package: ifvtex 2016/05/16 v1.6 Detect VTeX and its facilities (HO)
Package ifvtex Info: VTeX not detected.
)
(/usr/local/texlive/2018/texmf-dist/tex/generic/ifxetex/ifxetex.sty
Package: ifxetex 2010/09/12 v0.6 Provides ifxetex conditional
)
\Gm@cnth=\count88
\Gm@cntv=\count89
\c@Gm@tempcnt=\count90
\Gm@bindingoffset=\dimen103
\Gm@wd@mp=\dimen104
\Gm@odd@mp=\dimen105
\Gm@even@mp=\dimen106
\Gm@layoutwidth=\dimen107
\Gm@layoutheight=\dimen108
\Gm@layouthoffset=\dimen109
\Gm@layoutvoffset=\dimen110
\Gm@dimlist=\toks15
)
(/usr/local/texlive/2018/texmf-dist/tex/latex/graphics/graphicx.sty
Package: graphicx 2017/06/01 v1.1a Enhanced LaTeX Graphics (DPC,SPQR)

(/usr/local/texlive/2018/texmf-dist/tex/latex/graphics/graphics.sty
Package: graphics 2017/06/25 v1.2c Standard LaTeX Graphics (DPC,SPQR)

(/usr/local/texlive/2018/texmf-dist/tex/latex/graphics/trig.sty
Package: trig 2016/01/03 v1.10 sin cos tan (DPC)
)
(/usr/local/texlive/2018/texmf-dist/tex/latex/graphics-cfg/graphics.cfg
File: graphics.cfg 2016/06/04 v1.11 sample graphics configuration
)
Package graphics Info: Driver file: pdftex.def on input line 99.

(/usr/local/texlive/2018/texmf-dist/tex/latex/graphics-def/pdftex.def
File: pdftex.def 2018/01/08 v1.0l Graphics/color driver for pdftex
))
\Gin@req@height=\dimen111
\Gin@req@width=\dimen112
)
(./graphics.aux)
\openout1 = `graphics.aux'.

LaTeX Font Info:    Checking defaults for OML/cmm/m/it on input line 6.
LaTeX Font Info:    ... okay on input line 6.
LaTeX Font Info:    Checking defaults for T1/cmr/m/n on input line 6.
LaTeX Font Info:    ... okay on input line 6.
LaTeX Font Info:    Checking defaults for OT1/cmr/m/n on input line 6.
LaTeX Font Info:    ... okay on input line 6.
LaTeX Font Info:    Checking defaults for OMS/cmsy/m/n on input line 6.
LaTeX Font Info:    ... okay on input line 6.
LaTeX Font Info:    Checking defaults for OMX/cmex/m/n on input line 6.
LaTeX Font Info:    ... okay on input line 6.
LaTeX Font Info:    Checking defaults for U/cmr/m/n on input line 6.
LaTeX Font Info:    ... okay on input line 6.

*geometry* driver: auto-detecting
*geometry* detected driver: pdftex
*geometry* verbose mode - [ preamble ] result:
* driver: pdftex
* paper: <default>
* layout: <same size as paper>
* layoutoffset:(h,v)=(0.0pt,0.0pt)
* modes: 
* h-part:(L,W,R)=(28.45274pt, 557.38951pt, 28.45274pt)
* v-part:(T,H,B)=(28.45274pt, 738.0645pt, 28.45274pt)
* \paperwidth=614.295pt
* \paperheight=794.96999pt
* \textwidth=557.38951pt
* \textheight=738.0645pt
* \oddsidemargin=-43.81725pt
* \evensidemargin=-43.81725pt
* \topmargin=-80.81725pt
* \headheight=12.0pt
* \headsep=25.0pt
* \topskip=10.0pt
* \footskip=30.0pt
* \marginparwidth=65.0pt
* \marginparsep=11.0pt
* \columnsep=10.0pt
* \skip\footins=9.0pt plus 4.0pt minus 2.0pt
* \hoffset=0.0pt
* \voffset=0.0pt
* \mag=1000
* \@twocolumnfalse
* \@twosidefalse
* \@mparswitchfalse
* \@reversemarginfalse
* (1in=72.27pt=25.4mm, 1cm=28.453pt)

(/usr/local/texlive/2018/texmf-dist/tex/context/base/mkii/supp-pdf.mkii
[Loading MPS to PDF converter (version 2006.09.02).]
\scratchcounter=\count91
\scratchdimen=\dimen113
\scratchbox=\box26
\nofMPsegments=\count92
\nofMParguments=\count93
\everyMPshowfont=\toks16
\MPscratchCnt=\count94
\MPscratchDim=\dimen114
\MPnumerator=\count95
\makeMPintoPDFobject=\count96
\everyMPtoPDFconversion=\toks17
) (/usr/local/texlive/2018/texmf-dist/tex/latex/oberdiek/epstopdf-base.sty
Package: epstopdf-base 2016/05/15 v2.6 Base part for package epstopdf

(/usr/local/texlive/2018/texmf-dist/tex/generic/oberdiek/infwarerr.sty
Package: infwarerr 2016/05/16 v1.4 Providing info/warning/error messages (HO)
)
(/usr/local/texlive/2018/texmf-dist/tex/latex/oberdiek/grfext.sty
Package: grfext 2016/05/16 v1.2 Manage graphics extensions (HO)

(/usr/local/texlive/2018/texmf-dist/tex/generic/oberdiek/kvdefinekeys.sty
Package: kvdefinekeys 2016/05/16 v1.4 Define keys (HO)

(/usr/local/texlive/2018/texmf-dist/tex/generic/oberdiek/ltxcmds.sty
Package: ltxcmds 2016/05/16 v1.23 LaTeX kernel commands for general use (HO)
)))
(/usr/local/texlive/2018/texmf-dist/tex/latex/oberdiek/kvoptions.sty
Package: kvoptions 2016/05/16 v3.12 Key value format for package options (HO)

(/usr/local/texlive/2018/texmf-dist/tex/generic/oberdiek/kvsetkeys.sty
Package: kvsetkeys 2016/05/16 v1.17 Key value parser (HO)

(/usr/local/texlive/2018/texmf-dist/tex/generic/oberdiek/etexcmds.sty
Package: etexcmds 2016/05/16 v1.6 Avoid name clashes with e-TeX commands (HO)

(/usr/local/texlive/2018/texmf-dist/tex/generic/oberdiek/ifluatex.sty
Package: ifluatex 2016/05/16 v1.4 Provides the ifluatex switch (HO)
Package ifluatex Info: LuaTeX not detected.
)
Package etexcmds Info: Could not find \expanded.
(etexcmds)             That can mean that you are not using pdfTeX 1.50 or
(etexcmds)             that some package has redefined \expanded.
(etexcmds)             In the latter case, load this package earlier.
)))
(/usr/local/texlive/2018/texmf-dist/tex/generic/oberdiek/pdftexcmds.sty
Package: pdftexcmds 2018/01/30 v0.27 Utility functions of pdfTeX for LuaTeX (HO
)
Package pdftexcmds Info: LuaTeX not detected.
Package pdftexcmds Info: \pdf@primitive is available.
Package pdftexcmds Info: \pdf@ifprimitive is available.
Package pdftexcmds Info: \pdfdraftmode found.
)
Package epstopdf-base Info: Redefining graphics rule for `.eps' on input line 4
38.
Package grfext Info: Graphics extension search list:
(grfext)             [.pdf,.png,.jpg,.mps,.jpeg,.jbig2,.jb2,.PDF,.PNG,.JPG,.JPE
G,.JBIG2,.JB2,.eps]
(grfext)             \AppendGraphicsExtensions on input line 456.

(/usr/local/texlive/2018/texmf-dist/tex/latex/latexconfig/epstopdf-sys.cfg
File: epstopdf-sys.cfg 2010/07/13 v1.3 Configuration of (r)epstopdf for TeX Liv
e
))
LaTeX Font Info:    External font `cmex10' loaded for size
(Font)              <7> on input line 8.
LaTeX Font Info:    External font `cmex10' loaded for size
(Font)              <5> on input line 8.
<Graficas/Stage1/score.png, id=1, 462.528pt x 346.896pt>
File: Graficas/Stage1/score.png Graphic file (type png)
<use Graficas/Stage1/score.png>
Package pdftex.def Info: Graficas/Stage1/score.png  used on input line 9.
(pdftex.def)             Requested size: 231.26343pt x 173.44757pt.
<Graficas/Stage1/ac_score.png, id=3, 462.528pt x 346.896pt>
File: Graficas/Stage1/ac_score.png Graphic file (type png)
<use Graficas/Stage1/ac_score.png>
Package pdftex.def Info: Graficas/Stage1/ac_score.png  used on input line 9.
(pdftex.def)             Requested size: 231.26343pt x 173.44757pt.
<Graficas/Stage_1_91186-84550/score.png, id=4, 462.528pt x 346.896pt>
File: Graficas/Stage_1_91186-84550/score.png Graphic file (type png)
<use Graficas/Stage_1_91186-84550/score.png>
Package pdftex.def Info: Graficas/Stage_1_91186-84550/score.png  used on input 
line 13.
(pdftex.def)             Requested size: 231.26343pt x 173.44757pt.
<Graficas/Stage_1_91186-84550/ac_score.png, id=5, 462.528pt x 346.896pt>
File: Graficas/Stage_1_91186-84550/ac_score.png Graphic file (type png)
<use Graficas/Stage_1_91186-84550/ac_score.png>
Package pdftex.def Info: Graficas/Stage_1_91186-84550/ac_score.png  used on inp
ut line 13.
(pdftex.def)             Requested size: 231.26343pt x 173.44757pt.
<Graficas/Stage_1_64059-72731/score.png, id=6, 462.528pt x 346.896pt>
File: Graficas/Stage_1_64059-72731/score.png Graphic file (type png)
<use Graficas/Stage_1_64059-72731/score.png>
Package pdftex.def Info: Graficas/Stage_1_64059-72731/score.png  used on input 
line 17.
(pdftex.def)             Requested size: 231.26343pt x 173.44757pt.
<Graficas/Stage_1_64059-72731/ac_score.png, id=7, 462.528pt x 346.896pt>
File: Graficas/Stage_1_64059-72731/ac_score.png Graphic file (type png)
<use Graficas/Stage_1_64059-72731/ac_score.png>
Package pdftex.def Info: Graficas/Stage_1_64059-72731/ac_score.png  used on inp
ut line 17.
(pdftex.def)             Requested size: 231.26343pt x 173.44757pt.
<Graficas/Stage_1_55454-17702/score.png, id=8, 462.528pt x 346.896pt>
File: Graficas/Stage_1_55454-17702/score.png Graphic file (type png)
<use Graficas/Stage_1_55454-17702/score.png>
Package pdftex.def Info: Graficas/Stage_1_55454-17702/score.png  used on input 
line 21.
(pdftex.def)             Requested size: 231.26343pt x 173.44757pt.
<Graficas/Stage_1_55454-17702/ac_score.png, id=9, 462.528pt x 346.896pt>
File: Graficas/Stage_1_55454-17702/ac_score.png Graphic file (type png)
<use Graficas/Stage_1_55454-17702/ac_score.png>
Package pdftex.def Info: Graficas/Stage_1_55454-17702/ac_score.png  used on inp
ut line 21.
(pdftex.def)             Requested size: 231.26343pt x 173.44757pt.
<Graficas/Stage_1_78224-80461/score.png, id=10, 462.528pt x 346.896pt>
File: Graficas/Stage_1_78224-80461/score.png Graphic file (type png)
<use Graficas/Stage_1_78224-80461/score.png>
Package pdftex.def Info: Graficas/Stage_1_78224-80461/score.png  used on input 
line 25.
(pdftex.def)             Requested size: 231.26343pt x 173.44757pt.
<Graficas/Stage_1_78224-80461/ac_score.png, id=11, 462.528pt x 346.896pt>
File: Graficas/Stage_1_78224-80461/ac_score.png Graphic file (type png)
<use Graficas/Stage_1_78224-80461/ac_score.png>
Package pdftex.def Info: Graficas/Stage_1_78224-80461/ac_score.png  used on inp
ut line 25.
(pdftex.def)             Requested size: 231.26343pt x 173.44757pt.

[1

{/usr/local/texlive/2018/texmf-var/fonts/map/pdftex/updmap/pdftex.map} <./Grafi
cas/Stage1/score.png> <./Graficas/Stage1/ac_score.png> <./Graficas/Stage_1_9118
6-84550/score.png> <./Graficas/Stage_1_91186-84550/ac_score.png> <./Graficas/St
age_1_64059-72731/score.png> <./Graficas/Stage_1_64059-72731/ac_score.png> <./G
raficas/Stage_1_55454-17702/score.png> <./Graficas/Stage_1_55454-17702/ac_score
.png>]
<Graficas/Stage_1_48731-19341/score.png, id=27, 462.528pt x 346.896pt>
File: Graficas/Stage_1_48731-19341/score.png Graphic file (type png)
<use Graficas/Stage_1_48731-19341/score.png>
Package pdftex.def Info: Graficas/Stage_1_48731-19341/score.png  used on input 
line 29.
(pdftex.def)             Requested size: 231.26343pt x 173.44757pt.
<Graficas/Stage_1_48731-19341/ac_score.png, id=28, 462.528pt x 346.896pt>
File: Graficas/Stage_1_48731-19341/ac_score.png Graphic file (type png)
<use Graficas/Stage_1_48731-19341/ac_score.png>
Package pdftex.def Info: Graficas/Stage_1_48731-19341/ac_score.png  used on inp
ut line 29.
(pdftex.def)             Requested size: 231.26343pt x 173.44757pt.
<Graficas/Stage_1_31989-91451/score.png, id=29, 462.528pt x 346.896pt>
File: Graficas/Stage_1_31989-91451/score.png Graphic file (type png)
<use Graficas/Stage_1_31989-91451/score.png>
Package pdftex.def Info: Graficas/Stage_1_31989-91451/score.png  used on input 
line 33.
(pdftex.def)             Requested size: 231.26343pt x 173.44757pt.
<Graficas/Stage_1_31989-91451/ac_score.png, id=30, 462.528pt x 346.896pt>
File: Graficas/Stage_1_31989-91451/ac_score.png Graphic file (type png)
<use Graficas/Stage_1_31989-91451/ac_score.png>
Package pdftex.def Info: Graficas/Stage_1_31989-91451/ac_score.png  used on inp
ut line 33.
(pdftex.def)             Requested size: 231.26343pt x 173.44757pt.
<Graficas/Stage_1_34740-36405/score.png, id=31, 462.528pt x 346.896pt>
File: Graficas/Stage_1_34740-36405/score.png Graphic file (type png)
<use Graficas/Stage_1_34740-36405/score.png>
Package pdftex.def Info: Graficas/Stage_1_34740-36405/score.png  used on input 
line 37.
(pdftex.def)             Requested size: 231.26343pt x 173.44757pt.
<Graficas/Stage_1_34740-36405/ac_score.png, id=32, 462.528pt x 346.896pt>
File: Graficas/Stage_1_34740-36405/ac_score.png Graphic file (type png)
<use Graficas/Stage_1_34740-36405/ac_score.png>
Package pdftex.def Info: Graficas/Stage_1_34740-36405/ac_score.png  used on inp
ut line 37.
(pdftex.def)             Requested size: 231.26343pt x 173.44757pt.
<Graficas/Stage_1_40966-98179/score.png, id=33, 462.528pt x 346.896pt>
File: Graficas/Stage_1_40966-98179/score.png Graphic file (type png)
<use Graficas/Stage_1_40966-98179/score.png>
Package pdftex.def Info: Graficas/Stage_1_40966-98179/score.png  used on input 
line 41.
(pdftex.def)             Requested size: 231.26343pt x 173.44757pt.
<Graficas/Stage_1_40966-98179/ac_score.png, id=34, 462.528pt x 346.896pt>
File: Graficas/Stage_1_40966-98179/ac_score.png Graphic file (type png)
<use Graficas/Stage_1_40966-98179/ac_score.png>
Package pdftex.def Info: Graficas/Stage_1_40966-98179/ac_score.png  used on inp
ut line 41.
(pdftex.def)             Requested size: 231.26343pt x 173.44757pt.
 [2 <./Graficas/Stage_1_78224-80461/score.png> <./Graficas/Stage_1_78224-80461/
ac_score.png> <./Graficas/Stage_1_48731-19341/score.png> <./Graficas/Stage_1_48
731-19341/ac_score.png> <./Graficas/Stage_1_31989-91451/score.png> <./Graficas/
Stage_1_31989-91451/ac_score.png> <./Graficas/Stage_1_34740-36405/score.png> <.
/Graficas/Stage_1_34740-36405/ac_score.png>]
<Graficas/Stage_1_65341-70195/score.png, id=46, 462.528pt x 346.896pt>
File: Graficas/Stage_1_65341-70195/score.png Graphic file (type png)
<use Graficas/Stage_1_65341-70195/score.png>
Package pdftex.def Info: Graficas/Stage_1_65341-70195/score.png  used on input 
line 45.
(pdftex.def)             Requested size: 231.26343pt x 173.44757pt.
<Graficas/Stage_1_65341-70195/ac_score.png, id=47, 462.528pt x 346.896pt>
File: Graficas/Stage_1_65341-70195/ac_score.png Graphic file (type png)
<use Graficas/Stage_1_65341-70195/ac_score.png>
Package pdftex.def Info: Graficas/Stage_1_65341-70195/ac_score.png  used on inp
ut line 45.
(pdftex.def)             Requested size: 231.26343pt x 173.44757pt.
<Graficas/Stage_1_71778-53017/score.png, id=48, 462.528pt x 346.896pt>
File: Graficas/Stage_1_71778-53017/score.png Graphic file (type png)
<use Graficas/Stage_1_71778-53017/score.png>
Package pdftex.def Info: Graficas/Stage_1_71778-53017/score.png  used on input 
line 49.
(pdftex.def)             Requested size: 231.26343pt x 173.44757pt.
<Graficas/Stage_1_71778-53017/ac_score.png, id=49, 462.528pt x 346.896pt>
File: Graficas/Stage_1_71778-53017/ac_score.png Graphic file (type png)
<use Graficas/Stage_1_71778-53017/ac_score.png>
Package pdftex.def Info: Graficas/Stage_1_71778-53017/ac_score.png  used on inp
ut line 49.
(pdftex.def)             Requested size: 231.26343pt x 173.44757pt.
<Graficas/Stage2/score.png, id=50, 462.528pt x 346.896pt>
File: Graficas/Stage2/score.png Graphic file (type png)
<use Graficas/Stage2/score.png>
Package pdftex.def Info: Graficas/Stage2/score.png  used on input line 54.
(pdftex.def)             Requested size: 231.26343pt x 173.44757pt.
<Graficas/Stage2/ac_score.png, id=51, 462.528pt x 346.896pt>
File: Graficas/Stage2/ac_score.png Graphic file (type png)
<use Graficas/Stage2/ac_score.png>
Package pdftex.def Info: Graficas/Stage2/ac_score.png  used on input line 54.
(pdftex.def)             Requested size: 231.26343pt x 173.44757pt.
 [3 <./Graficas/Stage_1_40966-98179/score.png> <./Graficas/Stage_1_40966-98179/
ac_score.png> <./Graficas/Stage_1_65341-70195/score.png> <./Graficas/Stage_1_65
341-70195/ac_score.png> <./Graficas/Stage_1_71778-53017/score.png> <./Graficas/
Stage_1_71778-53017/ac_score.png>]
<Graficas/Stage_2_91186-84550/score.png, id=61, 462.528pt x 346.896pt>
File: Graficas/Stage_2_91186-84550/score.png Graphic file (type png)
<use Graficas/Stage_2_91186-84550/score.png>
Package pdftex.def Info: Graficas/Stage_2_91186-84550/score.png  used on input 
line 58.
(pdftex.def)             Requested size: 231.26343pt x 173.44757pt.
<Graficas/Stage_2_91186-84550/ac_score.png, id=62, 462.528pt x 346.896pt>
File: Graficas/Stage_2_91186-84550/ac_score.png Graphic file (type png)
<use Graficas/Stage_2_91186-84550/ac_score.png>
Package pdftex.def Info: Graficas/Stage_2_91186-84550/ac_score.png  used on inp
ut line 58.
(pdftex.def)             Requested size: 231.26343pt x 173.44757pt.
<Graficas/Stage_2_64059-72731/score.png, id=63, 462.528pt x 346.896pt>
File: Graficas/Stage_2_64059-72731/score.png Graphic file (type png)
<use Graficas/Stage_2_64059-72731/score.png>
Package pdftex.def Info: Graficas/Stage_2_64059-72731/score.png  used on input 
line 62.
(pdftex.def)             Requested size: 231.26343pt x 173.44757pt.
<Graficas/Stage_2_64059-72731/ac_score.png, id=64, 462.528pt x 346.896pt>
File: Graficas/Stage_2_64059-72731/ac_score.png Graphic file (type png)
<use Graficas/Stage_2_64059-72731/ac_score.png>
Package pdftex.def Info: Graficas/Stage_2_64059-72731/ac_score.png  used on inp
ut line 62.
(pdftex.def)             Requested size: 231.26343pt x 173.44757pt.
<Graficas/Stage_2_55454-17702/score.png, id=65, 462.528pt x 346.896pt>
File: Graficas/Stage_2_55454-17702/score.png Graphic file (type png)
<use Graficas/Stage_2_55454-17702/score.png>
Package pdftex.def Info: Graficas/Stage_2_55454-17702/score.png  used on input 
line 66.
(pdftex.def)             Requested size: 231.26343pt x 173.44757pt.
<Graficas/Stage_2_55454-17702/ac_score.png, id=66, 462.528pt x 346.896pt>
File: Graficas/Stage_2_55454-17702/ac_score.png Graphic file (type png)
<use Graficas/Stage_2_55454-17702/ac_score.png>
Package pdftex.def Info: Graficas/Stage_2_55454-17702/ac_score.png  used on inp
ut line 66.
(pdftex.def)             Requested size: 231.26343pt x 173.44757pt.
<Graficas/Stage_2_78224-80461/score.png, id=67, 462.528pt x 346.896pt>
File: Graficas/Stage_2_78224-80461/score.png Graphic file (type png)
<use Graficas/Stage_2_78224-80461/score.png>
Package pdftex.def Info: Graficas/Stage_2_78224-80461/score.png  used on input 
line 70.
(pdftex.def)             Requested size: 231.26343pt x 173.44757pt.
<Graficas/Stage_2_78224-80461/ac_score.png, id=68, 462.528pt x 346.896pt>
File: Graficas/Stage_2_78224-80461/ac_score.png Graphic file (type png)
<use Graficas/Stage_2_78224-80461/ac_score.png>
Package pdftex.def Info: Graficas/Stage_2_78224-80461/ac_score.png  used on inp
ut line 70.
(pdftex.def)             Requested size: 231.26343pt x 173.44757pt.
 [4 <./Graficas/Stage2/score.png> <./Graficas/Stage2/ac_score.png> <./Graficas/
Stage_2_91186-84550/score.png> <./Graficas/Stage_2_91186-84550/ac_score.png> <.
/Graficas/Stage_2_64059-72731/score.png> <./Graficas/Stage_2_64059-72731/ac_sco
re.png> <./Graficas/Stage_2_55454-17702/score.png> <./Graficas/Stage_2_55454-17
702/ac_score.png>]
<Graficas/Stage_2_48731-19341/score.png, id=80, 462.528pt x 346.896pt>
File: Graficas/Stage_2_48731-19341/score.png Graphic file (type png)
<use Graficas/Stage_2_48731-19341/score.png>
Package pdftex.def Info: Graficas/Stage_2_48731-19341/score.png  used on input 
line 74.
(pdftex.def)             Requested size: 231.26343pt x 173.44757pt.
<Graficas/Stage_2_48731-19341/ac_score.png, id=81, 462.528pt x 346.896pt>
File: Graficas/Stage_2_48731-19341/ac_score.png Graphic file (type png)
<use Graficas/Stage_2_48731-19341/ac_score.png>
Package pdftex.def Info: Graficas/Stage_2_48731-19341/ac_score.png  used on inp
ut line 74.
(pdftex.def)             Requested size: 231.26343pt x 173.44757pt.
<Graficas/Stage_2_31989-91451/score.png, id=82, 462.528pt x 346.896pt>
File: Graficas/Stage_2_31989-91451/score.png Graphic file (type png)
<use Graficas/Stage_2_31989-91451/score.png>
Package pdftex.def Info: Graficas/Stage_2_31989-91451/score.png  used on input 
line 78.
(pdftex.def)             Requested size: 231.26343pt x 173.44757pt.
<Graficas/Stage_2_31989-91451/ac_score.png, id=83, 462.528pt x 346.896pt>
File: Graficas/Stage_2_31989-91451/ac_score.png Graphic file (type png)
<use Graficas/Stage_2_31989-91451/ac_score.png>
Package pdftex.def Info: Graficas/Stage_2_31989-91451/ac_score.png  used on inp
ut line 78.
(pdftex.def)             Requested size: 231.26343pt x 173.44757pt.
<Graficas/Stage_2_34740-36405/score.png, id=84, 462.528pt x 346.896pt>
File: Graficas/Stage_2_34740-36405/score.png Graphic file (type png)
<use Graficas/Stage_2_34740-36405/score.png>
Package pdftex.def Info: Graficas/Stage_2_34740-36405/score.png  used on input 
line 82.
(pdftex.def)             Requested size: 231.26343pt x 173.44757pt.
<Graficas/Stage_2_34740-36405/ac_score.png, id=85, 462.528pt x 346.896pt>
File: Graficas/Stage_2_34740-36405/ac_score.png Graphic file (type png)
<use Graficas/Stage_2_34740-36405/ac_score.png>
Package pdftex.def Info: Graficas/Stage_2_34740-36405/ac_score.png  used on inp
ut line 82.
(pdftex.def)             Requested size: 231.26343pt x 173.44757pt.
<Graficas/Stage_2_40966-98179/score.png, id=86, 462.528pt x 346.896pt>
File: Graficas/Stage_2_40966-98179/score.png Graphic file (type png)
<use Graficas/Stage_2_40966-98179/score.png>
Package pdftex.def Info: Graficas/Stage_2_40966-98179/score.png  used on input 
line 86.
(pdftex.def)             Requested size: 231.26343pt x 173.44757pt.
<Graficas/Stage_2_40966-98179/ac_score.png, id=87, 462.528pt x 346.896pt>
File: Graficas/Stage_2_40966-98179/ac_score.png Graphic file (type png)
<use Graficas/Stage_2_40966-98179/ac_score.png>
Package pdftex.def Info: Graficas/Stage_2_40966-98179/ac_score.png  used on inp
ut line 86.
(pdftex.def)             Requested size: 231.26343pt x 173.44757pt.
 [5 <./Graficas/Stage_2_78224-80461/score.png> <./Graficas/Stage_2_78224-80461/
ac_score.png> <./Graficas/Stage_2_48731-19341/score.png> <./Graficas/Stage_2_48
731-19341/ac_score.png> <./Graficas/Stage_2_31989-91451/score.png> <./Graficas/
Stage_2_31989-91451/ac_score.png> <./Graficas/Stage_2_34740-36405/score.png> <.
/Graficas/Stage_2_34740-36405/ac_score.png>]
<Graficas/Stage_2_65341-70195/score.png, id=99, 462.528pt x 346.896pt>
File: Graficas/Stage_2_65341-70195/score.png Graphic file (type png)
<use Graficas/Stage_2_65341-70195/score.png>
Package pdftex.def Info: Graficas/Stage_2_65341-70195/score.png  used on input 
line 90.
(pdftex.def)             Requested size: 231.26343pt x 173.44757pt.
<Graficas/Stage_2_65341-70195/ac_score.png, id=100, 462.528pt x 346.896pt>
File: Graficas/Stage_2_65341-70195/ac_score.png Graphic file (type png)
<use Graficas/Stage_2_65341-70195/ac_score.png>
Package pdftex.def Info: Graficas/Stage_2_65341-70195/ac_score.png  used on inp
ut line 90.
(pdftex.def)             Requested size: 231.26343pt x 173.44757pt.
<Graficas/Stage_2_71778-53017/score.png, id=101, 462.528pt x 346.896pt>
File: Graficas/Stage_2_71778-53017/score.png Graphic file (type png)
<use Graficas/Stage_2_71778-53017/score.png>
Package pdftex.def Info: Graficas/Stage_2_71778-53017/score.png  used on input 
line 94.
(pdftex.def)             Requested size: 231.26343pt x 173.44757pt.
<Graficas/Stage_2_71778-53017/ac_score.png, id=102, 462.528pt x 346.896pt>
File: Graficas/Stage_2_71778-53017/ac_score.png Graphic file (type png)
<use Graficas/Stage_2_71778-53017/ac_score.png>
Package pdftex.def Info: Graficas/Stage_2_71778-53017/ac_score.png  used on inp
ut line 94.
(pdftex.def)             Requested size: 231.26343pt x 173.44757pt.
 [6 <./Graficas/Stage_2_40966-98179/score.png> <./Graficas/Stage_2_40966-98179/
ac_score.png> <./Graficas/Stage_2_65341-70195/score.png> <./Graficas/Stage_2_65
341-70195/ac_score.png> <./Graficas/Stage_2_71778-53017/score.png> <./Graficas/
Stage_2_71778-53017/ac_score.png>] (./graphics.aux) ) 
Here is how much of TeX's memory you used:
 2098 strings out of 492649
 36057 string characters out of 6129622
 96387 words of memory out of 5000000
 5965 multiletter control sequences out of 15000+600000
 4245 words of font info for 16 fonts, out of 8000000 for 9000
 1141 hyphenation exceptions out of 8191
 41i,11n,25p,276b,203s stack positions out of 5000i,500n,10000p,200000b,80000s
</usr/local/texlive/2018/t
exmf-dist/fonts/type1/public/amsfonts/cm/cmbx12.pfb></usr/local/texlive/2018/te
xmf-dist/fonts/type1/public/amsfonts/cm/cmr10.pfb>
Output written on graphics.pdf (6 pages, 1522489 bytes).
PDF statistics:
 120 PDF objects out of 1000 (max. 8388607)
 21 compressed objects within 1 object stream
 0 named destinations out of 1000 (max. 500000)
 221 words of extra memory for PDF output out of 10000 (max. 10000000)

